INFO:sim:172 - Generating IP...
Applying current project options...
Finished applying current project options.
WARNING:sim - A core named 'videoMemory' already exists in the project. Output
   products for this core may be overwritten.
Resolving generics for 'videoMemory'...
WARNING:sim - A core named 'videoMemory' already exists in the project. Output
   products for this core may be overwritten.
Applying external generics to 'videoMemory'...
Delivering associated files for 'videoMemory'...
WARNING:sim - Can't find 'Verilog' synthesis view; using general synthesis view
Delivering EJava files for 'videoMemory'...
Generating implementation netlist for 'videoMemory'...
INFO:sim - Pre-processing HDL files for 'videoMemory'...
Running synthesis for 'videoMemory'
Running ngcbuild...
Writing VEO instantiation template for 'videoMemory'...
Writing Verilog behavioral simulation model for 'videoMemory'...
Generating ASY schematic symbol...
INFO:sim:949 - Finished generation of ASY schematic symbol.
Generating SYM schematic symbol for 'videoMemory'...
Generating metadata file...
Generating ISE project...
XCO file found: videoMemory.xco
XMDF file found: videoMemory_xmdf.tcl
Adding
C:/workspace_gp_lab/GP_LAB_EDK/pcores/vga_v1_00_a/devl/projnav/ipcore_dir/tmp/_c
g/blk_mem_gen_v6_3_readme.txt -view all -origin_type imported
Adding
C:/workspace_gp_lab/GP_LAB_EDK/pcores/vga_v1_00_a/devl/projnav/ipcore_dir/tmp/_c
g/videoMemory.asy -view all -origin_type imported
Adding
C:/workspace_gp_lab/GP_LAB_EDK/pcores/vga_v1_00_a/devl/projnav/ipcore_dir/tmp/_c
g/videoMemory.ngc -view all -origin_type created
Checking file
"C:/workspace_gp_lab/GP_LAB_EDK/pcores/vga_v1_00_a/devl/projnav/ipcore_dir/tmp/_
cg/videoMemory.ngc" for project device match ...
File
"C:/workspace_gp_lab/GP_LAB_EDK/pcores/vga_v1_00_a/devl/projnav/ipcore_dir/tmp/_
cg/videoMemory.ngc" device information matches project device.
Adding
C:/workspace_gp_lab/GP_LAB_EDK/pcores/vga_v1_00_a/devl/projnav/ipcore_dir/tmp/_c
g/videoMemory.sym -view all -origin_type imported
Adding
C:/workspace_gp_lab/GP_LAB_EDK/pcores/vga_v1_00_a/devl/projnav/ipcore_dir/tmp/_c
g/videoMemory.v -view all -origin_type created
INFO:HDLCompiler:1845 - Analyzing Verilog file
   "C:/workspace_gp_lab/GP_LAB_EDK/pcores/vga_v1_00_a/devl/projnav/ipcore_dir/tm
   p/_cg/videoMemory.v" into library work
INFO:ProjectMgmt - Parsing design hierarchy completed successfully.
Adding
C:/workspace_gp_lab/GP_LAB_EDK/pcores/vga_v1_00_a/devl/projnav/ipcore_dir/tmp/_c
g/videoMemory.veo -view all -origin_type imported
INFO:TclTasksC:2116 - The automatic calculation of top has been turned-off.
   Please set the new top explicitly by running the "project set top" command.
   To re-calculate the new top automatically, set the "Auto Implementation Top"
   property to true.
Top level has been set to "/videoMemory"
Generating README file...
Generating FLIST file...
INFO:sim:948 - Finished FLIST file generation.
Launching README viewer...
Moving files to output directory...
Finished moving files to output directory
Wrote CGP file for project 'videoMemory'.
